<?xml version="1.0" encoding="UTF-8"?>
<testsuite xmlns:xsi="http://www.w3.org/2001/XMLSchema-instance" xsi:noNamespaceSchemaLocation="https://maven.apache.org/surefire/maven-surefire-plugin/xsd/surefire-test-report.xsd" name="com.template.demo.TestHelloWorld" time="0.053" tests="1" errors="0" skipped="0" failures="0">
  <properties>
    <property name="java.specification.version" value="21"/>
    <property name="sun.jnu.encoding" value="UTF-8"/>
    <property name="java.class.path" value="/Users/nkhatri/Desktop/Workspace/corejava21-with-maven-template-1.0/target/test-classes:/Users/nkhatri/Desktop/Workspace/corejava21-with-maven-template-1.0/target/classes:/Users/nkhatri/.m2/repository/junit/junit/4.12/junit-4.12.jar:/Users/nkhatri/.m2/repository/org/hamcrest/hamcrest-core/1.3/hamcrest-core-1.3.jar:/Users/nkhatri/.m2/repository/org/apache/tomcat/embed/tomcat-embed-core/8.5.5/tomcat-embed-core-8.5.5.jar:/Users/nkhatri/.m2/repository/org/apache/tomcat/tomcat-jasper-el/8.5.5/tomcat-jasper-el-8.5.5.jar:/Users/nkhatri/.m2/repository/org/apache/tomcat/tomcat-el-api/8.5.5/tomcat-el-api-8.5.5.jar:/Users/nkhatri/.m2/repository/org/apache/tomcat/tomcat-jsp-api/8.5.5/tomcat-jsp-api-8.5.5.jar:/Users/nkhatri/.m2/repository/org/apache/tomcat/tomcat-servlet-api/8.5.5/tomcat-servlet-api-8.5.5.jar:/Users/nkhatri/.m2/repository/org/apache/tomcat/tomcat-jasper/8.5.5/tomcat-jasper-8.5.5.jar:/Users/nkhatri/.m2/repository/org/apache/tomcat/tomcat-juli/8.5.5/tomcat-juli-8.5.5.jar:/Users/nkhatri/.m2/repository/org/eclipse/jdt/core/compiler/ecj/4.5.1/ecj-4.5.1.jar:/Users/nkhatri/.m2/repository/org/apache/tomcat/tomcat-api/8.5.5/tomcat-api-8.5.5.jar:/Users/nkhatri/.m2/repository/org/apache/tomcat/tomcat-util-scan/8.5.5/tomcat-util-scan-8.5.5.jar:/Users/nkhatri/.m2/repository/org/apache/tomcat/tomcat-util/8.5.5/tomcat-util-8.5.5.jar:/Users/nkhatri/.m2/repository/javax/servlet/javax.servlet-api/4.0.1/javax.servlet-api-4.0.1.jar:/Users/nkhatri/.m2/repository/com/jolira/onejar-maven-plugin/1.4.4/onejar-maven-plugin-1.4.4.jar:/Users/nkhatri/.m2/repository/commons-io/commons-io/1.3.1/commons-io-1.3.1.jar:/Users/nkhatri/.m2/repository/org/apache/maven/maven-model/2.0.9/maven-model-2.0.9.jar:/Users/nkhatri/.m2/repository/org/codehaus/plexus/plexus-utils/1.5.1/plexus-utils-1.5.1.jar:/Users/nkhatri/.m2/repository/org/apache/maven/maven-plugin-api/2.0.9/maven-plugin-api-2.0.9.jar:/Users/nkhatri/.m2/repository/org/apache/maven/maven-artifact/2.0.9/maven-artifact-2.0.9.jar:/Users/nkhatri/.m2/repository/org/apache/maven/maven-project/2.0.9/maven-project-2.0.9.jar:/Users/nkhatri/.m2/repository/org/apache/maven/maven-settings/2.0.9/maven-settings-2.0.9.jar:/Users/nkhatri/.m2/repository/org/apache/maven/maven-profile/2.0.9/maven-profile-2.0.9.jar:/Users/nkhatri/.m2/repository/org/apache/maven/maven-artifact-manager/2.0.9/maven-artifact-manager-2.0.9.jar:/Users/nkhatri/.m2/repository/org/apache/maven/maven-repository-metadata/2.0.9/maven-repository-metadata-2.0.9.jar:/Users/nkhatri/.m2/repository/org/apache/maven/wagon/wagon-provider-api/1.0-beta-2/wagon-provider-api-1.0-beta-2.jar:/Users/nkhatri/.m2/repository/org/apache/maven/maven-plugin-registry/2.0.9/maven-plugin-registry-2.0.9.jar:/Users/nkhatri/.m2/repository/org/codehaus/plexus/plexus-container-default/1.0-alpha-9-stable-1/plexus-container-default-1.0-alpha-9-stable-1.jar:/Users/nkhatri/.m2/repository/classworlds/classworlds/1.1-alpha-2/classworlds-1.1-alpha-2.jar:"/>
    <property name="java.vm.vendor" value="Oracle Corporation"/>
    <property name="sun.arch.data.model" value="64"/>
    <property name="java.vendor.url" value="https://java.oracle.com/"/>
    <property name="os.name" value="Mac OS X"/>
    <property name="java.vm.specification.version" value="21"/>
    <property name="sun.java.launcher" value="SUN_STANDARD"/>
    <property name="user.country" value="IN"/>
    <property name="sun.boot.library.path" value="/Users/nkhatri/.sdkman/candidates/java/21.0.2-oracle/lib"/>
    <property name="sun.java.command" value="/Users/nkhatri/Desktop/Workspace/corejava21-with-maven-template-1.0/target/surefire/surefirebooter9885483361605847324.jar /Users/nkhatri/Desktop/Workspace/corejava21-with-maven-template-1.0/target/surefire 2024-02-26T11-13-32_733-jvmRun1 surefire12264815850744138727tmp surefire_010871945656553046852tmp"/>
    <property name="http.nonProxyHosts" value="local|*.local|169.254/16|*.169.254/16"/>
    <property name="jdk.debug" value="release"/>
    <property name="surefire.test.class.path" value="/Users/nkhatri/Desktop/Workspace/corejava21-with-maven-template-1.0/target/test-classes:/Users/nkhatri/Desktop/Workspace/corejava21-with-maven-template-1.0/target/classes:/Users/nkhatri/.m2/repository/junit/junit/4.12/junit-4.12.jar:/Users/nkhatri/.m2/repository/org/hamcrest/hamcrest-core/1.3/hamcrest-core-1.3.jar:/Users/nkhatri/.m2/repository/org/apache/tomcat/embed/tomcat-embed-core/8.5.5/tomcat-embed-core-8.5.5.jar:/Users/nkhatri/.m2/repository/org/apache/tomcat/tomcat-jasper-el/8.5.5/tomcat-jasper-el-8.5.5.jar:/Users/nkhatri/.m2/repository/org/apache/tomcat/tomcat-el-api/8.5.5/tomcat-el-api-8.5.5.jar:/Users/nkhatri/.m2/repository/org/apache/tomcat/tomcat-jsp-api/8.5.5/tomcat-jsp-api-8.5.5.jar:/Users/nkhatri/.m2/repository/org/apache/tomcat/tomcat-servlet-api/8.5.5/tomcat-servlet-api-8.5.5.jar:/Users/nkhatri/.m2/repository/org/apache/tomcat/tomcat-jasper/8.5.5/tomcat-jasper-8.5.5.jar:/Users/nkhatri/.m2/repository/org/apache/tomcat/tomcat-juli/8.5.5/tomcat-juli-8.5.5.jar:/Users/nkhatri/.m2/repository/org/eclipse/jdt/core/compiler/ecj/4.5.1/ecj-4.5.1.jar:/Users/nkhatri/.m2/repository/org/apache/tomcat/tomcat-api/8.5.5/tomcat-api-8.5.5.jar:/Users/nkhatri/.m2/repository/org/apache/tomcat/tomcat-util-scan/8.5.5/tomcat-util-scan-8.5.5.jar:/Users/nkhatri/.m2/repository/org/apache/tomcat/tomcat-util/8.5.5/tomcat-util-8.5.5.jar:/Users/nkhatri/.m2/repository/javax/servlet/javax.servlet-api/4.0.1/javax.servlet-api-4.0.1.jar:/Users/nkhatri/.m2/repository/com/jolira/onejar-maven-plugin/1.4.4/onejar-maven-plugin-1.4.4.jar:/Users/nkhatri/.m2/repository/commons-io/commons-io/1.3.1/commons-io-1.3.1.jar:/Users/nkhatri/.m2/repository/org/apache/maven/maven-model/2.0.9/maven-model-2.0.9.jar:/Users/nkhatri/.m2/repository/org/codehaus/plexus/plexus-utils/1.5.1/plexus-utils-1.5.1.jar:/Users/nkhatri/.m2/repository/org/apache/maven/maven-plugin-api/2.0.9/maven-plugin-api-2.0.9.jar:/Users/nkhatri/.m2/repository/org/apache/maven/maven-artifact/2.0.9/maven-artifact-2.0.9.jar:/Users/nkhatri/.m2/repository/org/apache/maven/maven-project/2.0.9/maven-project-2.0.9.jar:/Users/nkhatri/.m2/repository/org/apache/maven/maven-settings/2.0.9/maven-settings-2.0.9.jar:/Users/nkhatri/.m2/repository/org/apache/maven/maven-profile/2.0.9/maven-profile-2.0.9.jar:/Users/nkhatri/.m2/repository/org/apache/maven/maven-artifact-manager/2.0.9/maven-artifact-manager-2.0.9.jar:/Users/nkhatri/.m2/repository/org/apache/maven/maven-repository-metadata/2.0.9/maven-repository-metadata-2.0.9.jar:/Users/nkhatri/.m2/repository/org/apache/maven/wagon/wagon-provider-api/1.0-beta-2/wagon-provider-api-1.0-beta-2.jar:/Users/nkhatri/.m2/repository/org/apache/maven/maven-plugin-registry/2.0.9/maven-plugin-registry-2.0.9.jar:/Users/nkhatri/.m2/repository/org/codehaus/plexus/plexus-container-default/1.0-alpha-9-stable-1/plexus-container-default-1.0-alpha-9-stable-1.jar:/Users/nkhatri/.m2/repository/classworlds/classworlds/1.1-alpha-2/classworlds-1.1-alpha-2.jar:"/>
    <property name="sun.cpu.endian" value="little"/>
    <property name="user.home" value="/Users/nkhatri"/>
    <property name="user.language" value="en"/>
    <property name="java.specification.vendor" value="Oracle Corporation"/>
    <property name="java.version.date" value="2024-01-16"/>
    <property name="java.home" value="/Users/nkhatri/.sdkman/candidates/java/21.0.2-oracle"/>
    <property name="file.separator" value="/"/>
    <property name="basedir" value="/Users/nkhatri/Desktop/Workspace/corejava21-with-maven-template-1.0"/>
    <property name="java.vm.compressedOopsMode" value="Zero based"/>
    <property name="line.separator" value="&#10;"/>
    <property name="java.vm.specification.vendor" value="Oracle Corporation"/>
    <property name="java.specification.name" value="Java Platform API Specification"/>
    <property name="apple.awt.application.name" value="ForkedBooter"/>
    <property name="surefire.real.class.path" value="/Users/nkhatri/Desktop/Workspace/corejava21-with-maven-template-1.0/target/surefire/surefirebooter9885483361605847324.jar"/>
    <property name="sun.management.compiler" value="HotSpot 64-Bit Tiered Compilers"/>
    <property name="ftp.nonProxyHosts" value="local|*.local|169.254/16|*.169.254/16"/>
    <property name="java.runtime.version" value="21.0.2+13-LTS-58"/>
    <property name="user.name" value="nkhatri"/>
    <property name="stdout.encoding" value="US-ASCII"/>
    <property name="path.separator" value=":"/>
    <property name="os.version" value="14.0"/>
    <property name="java.runtime.name" value="Java(TM) SE Runtime Environment"/>
    <property name="file.encoding" value="UTF-8"/>
    <property name="java.vm.name" value="Java HotSpot(TM) 64-Bit Server VM"/>
    <property name="localRepository" value="/Users/nkhatri/.m2/repository"/>
    <property name="java.vendor.url.bug" value="https://bugreport.java.com/bugreport/"/>
    <property name="java.io.tmpdir" value="/var/folders/yh/fvv4m5v16_s6fy5hg26h6h9jt1vgck/T/"/>
    <property name="java.version" value="21.0.2"/>
    <property name="user.dir" value="/Users/nkhatri/Desktop/Workspace/corejava21-with-maven-template-1.0"/>
    <property name="os.arch" value="x86_64"/>
    <property name="java.vm.specification.name" value="Java Virtual Machine Specification"/>
    <property name="native.encoding" value="US-ASCII"/>
    <property name="java.library.path" value="/Users/nkhatri/Library/Java/Extensions:/Library/Java/Extensions:/Network/Library/Java/Extensions:/System/Library/Java/Extensions:/usr/lib/java:."/>
    <property name="java.vm.info" value="mixed mode, sharing"/>
    <property name="stderr.encoding" value="US-ASCII"/>
    <property name="java.vendor" value="Oracle Corporation"/>
    <property name="java.vm.version" value="21.0.2+13-LTS-58"/>
    <property name="sun.io.unicode.encoding" value="UnicodeBig"/>
    <property name="socksNonProxyHosts" value="local|*.local|169.254/16|*.169.254/16"/>
    <property name="java.class.version" value="65.0"/>
  </properties>
  <testcase name="testHelloWorld" classname="com.template.demo.TestHelloWorld" time="0.003"/>
</testsuite>